<?xml version="1.0" encoding="UTF-8"?>
<testsuite name="tests.languages.c.parseTreeToAST.DoWhileTests" tests="5" skipped="0" failures="0" errors="0" timestamp="2020-02-17T10:56:08" hostname="blubbomat-ThinkPad" time="0.024">
  <properties/>
  <testcase name="testWhileInDoWhile" classname="tests.languages.c.parseTreeToAST.DoWhileTests" time="0.005"/>
  <testcase name="testDoWhileInIf" classname="tests.languages.c.parseTreeToAST.DoWhileTests" time="0.004"/>
  <testcase name="testIfElseInDoWhile" classname="tests.languages.c.parseTreeToAST.DoWhileTests" time="0.005"/>
  <testcase name="testDoWhile" classname="tests.languages.c.parseTreeToAST.DoWhileTests" time="0.003"/>
  <testcase name="testNestedDoWhile" classname="tests.languages.c.parseTreeToAST.DoWhileTests" time="0.005"/>
  <system-out><![CDATA[]]></system-out>
  <system-err><![CDATA[]]></system-err>
</testsuite>
