<?xml version="1.0" encoding="UTF-8"?>
<testsuite name="tests.languages.c.antlrParsers.functionParser.FunctionCallTests" tests="4" skipped="0" failures="0" errors="0" timestamp="2020-02-17T10:56:07" hostname="blubbomat-ThinkPad" time="0.042">
  <properties/>
  <testcase name="testCallWithExprInArg" classname="tests.languages.c.antlrParsers.functionParser.FunctionCallTests" time="0.015"/>
  <testcase name="testFunctionCall" classname="tests.languages.c.antlrParsers.functionParser.FunctionCallTests" time="0.004"/>
  <testcase name="testCallViaPtr" classname="tests.languages.c.antlrParsers.functionParser.FunctionCallTests" time="0.017"/>
  <testcase name="testTwoParameters" classname="tests.languages.c.antlrParsers.functionParser.FunctionCallTests" time="0.004"/>
  <system-out><![CDATA[]]></system-out>
  <system-err><![CDATA[]]></system-err>
</testsuite>
