<?xml version="1.0" encoding="UTF-8"?>
<testsuite name="tests.udg.testUseDefGraphCreator" tests="5" skipped="0" failures="0" errors="0" timestamp="2020-02-17T10:56:08" hostname="blubbomat-ThinkPad" time="0.024">
  <properties/>
  <testcase name="test_condition" classname="tests.udg.testUseDefGraphCreator" time="0.01"/>
  <testcase name="test_simplified_expression" classname="tests.udg.testUseDefGraphCreator" time="0.005"/>
  <testcase name="test_def_tainted_call" classname="tests.udg.testUseDefGraphCreator" time="0.002"/>
  <testcase name="test_plusEquals_asssignment" classname="tests.udg.testUseDefGraphCreator" time="0.001"/>
  <testcase name="test_struct_field_assign_def" classname="tests.udg.testUseDefGraphCreator" time="0.006"/>
  <system-out><![CDATA[/home/blubbomat/Development/FindPOI/joern/projects/extensions/joern-fuzzyc
]]></system-out>
  <system-err><![CDATA[]]></system-err>
</testsuite>
